#
# There is insufficient memory for the Java Runtime Environment to continue.
# Native memory allocation (malloc) failed to allocate 1048576 bytes for AllocateHeap
# Possible reasons:
#   The system is out of physical RAM or swap space
#   The process is running with CompressedOops enabled, and the Java Heap may be blocking the growth of the native heap
# Possible solutions:
#   Reduce memory load on the system
#   Increase physical memory or swap space
#   Check if swap backing store is full
#   Decrease Java heap size (-Xmx/-Xms)
#   Decrease number of Java threads
#   Decrease Java thread stack sizes (-Xss)
#   Set larger code cache with -XX:ReservedCodeCacheSize=
#   JVM is running with Zero Based Compressed Oops mode in which the Java heap is
#     placed in the first 32GB address space. The Java Heap base address is the
#     maximum limit for the native heap growth. Please use -XX:HeapBaseMinAddress
#     to set the Java Heap base and to place the Java Heap above 32GB virtual address.
# This output file may be truncated or incomplete.
#
#  Out of Memory Error (./open/src/hotspot/share/memory/allocation.cpp:44), pid=22168, tid=16508
#
# JRE version: OpenJDK Runtime Environment (15.0.2+7) (build 15.0.2+7-27)
# Java VM: OpenJDK 64-Bit Server VM (15.0.2+7-27, mixed mode, tiered, compressed oops, g1 gc, windows-amd64)
# No core dump will be written. Minidumps are not enabled by default on client versions of Windows
#

---------------  S U M M A R Y ------------

Command Line: -Dfile.encoding=Cp1252 -XX:+ShowCodeDetailsInExceptionMessages uso_frames_varios.JFrame1

Host: Intel(R) Core(TM) i7-8550U CPU @ 1.80GHz, 8 cores, 15G,  Windows 10 , 64 bit Build 19041 (10.0.19041.928)
Time: Wed May 19 17:22:42 2021 Argentina Standard Time elapsed time: 0.597391 seconds (0d 0h 0m 0s)

---------------  T H R E A D  ---------------

Current thread (0x000002bee6ed17c0):  VMThread "VM Thread" [stack: 0x000000fb2b000000,0x000000fb2b100000] [id=16508]

Stack: [0x000000fb2b000000,0x000000fb2b100000]
[error occurred during error reporting (printing stack bounds), id 0xc0000005, EXCEPTION_ACCESS_VIOLATION (0xc0000005) at pc=0x000002becb1b10ad]

Native frames: (J=compiled Java code, j=interpreted, Vv=VM code, C=native code)
V  [jvm.dll+0x62ae9a]
V  [jvm.dll+0x7817a9]
V  [jvm.dll+0x782f03]
V  [jvm.dll+0x7834c5]
V  [jvm.dll+0x78347b]
V  [jvm.dll+0x62a2b9]
V  [jvm.dll+0x62aa88]
C  [ntdll.dll+0xa217f]
C  [ntdll.dll+0x51454]
C  [ntdll.dll+0xa0cae]
C  0x000002becb1b10ad

VM_Operation (0x000000fb2bffbbd0): CollectForMetadataAllocation, mode: safepoint, requested by thread 0x000002bee6f36940


---------------  P R O C E S S  ---------------

Threads class SMR info:
_java_thread_list=0x000002bee7781bd0, length=15, elements={
0x000002bee6ed3cf0, 0x000002bee6ed47a0, 0x000002bee6f42bb0, 0x000002bee6f44480,
0x000002bee6f36e10, 0x000002bee6f3a900, 0x000002bee6f3ce20, 0x000002bee6f3d420,
0x000002bee6f39e30, 0x000002bee6f372e0, 0x000002bee6f39490, 0x000002bee6f38150,
0x000002bee6f39960, 0x000002bee6f36940, 0x000002bee6f37c80
}

Java Threads: ( => current thread )
  0x000002bee6ed3cf0 JavaThread "Reference Handler" daemon [_thread_blocked, id=22932, stack(0x000000fb2b100000,0x000000fb2b200000)]
  0x000002bee6ed47a0 JavaThread "Finalizer" daemon [_thread_blocked, id=12616, stack(0x000000fb2b200000,0x000000fb2b300000)]
  0x000002bee6f42bb0 JavaThread "Signal Dispatcher" daemon [_thread_blocked, id=3552, stack(0x000000fb2b300000,0x000000fb2b400000)]
  0x000002bee6f44480 JavaThread "Attach Listener" daemon [_thread_blocked, id=19176, stack(0x000000fb2b400000,0x000000fb2b500000)]
  0x000002bee6f36e10 JavaThread "Service Thread" daemon [_thread_blocked, id=7240, stack(0x000000fb2b500000,0x000000fb2b600000)]
  0x000002bee6f3a900 JavaThread "C2 CompilerThread0" daemon [_thread_blocked, id=1008, stack(0x000000fb2b600000,0x000000fb2b700000)]
  0x000002bee6f3ce20 JavaThread "C1 CompilerThread0" daemon [_thread_blocked, id=3064, stack(0x000000fb2b700000,0x000000fb2b800000)]
  0x000002bee6f3d420 JavaThread "Sweeper thread" daemon [_thread_blocked, id=4016, stack(0x000000fb2b800000,0x000000fb2b900000)]
  0x000002bee6f39e30 JavaThread "Notification Thread" daemon [_thread_blocked, id=2856, stack(0x000000fb2b900000,0x000000fb2ba00000)]
  0x000002bee6f372e0 JavaThread "Common-Cleaner" daemon [_thread_blocked, id=22708, stack(0x000000fb2bb00000,0x000000fb2bc00000)]
  0x000002bee6f39490 JavaThread "Java2D Disposer" daemon [_thread_blocked, id=12240, stack(0x000000fb2bc00000,0x000000fb2bd00000)]
  0x000002bee6f38150 JavaThread "AWT-Shutdown" [_thread_blocked, id=18908, stack(0x000000fb2bd00000,0x000000fb2be00000)]
  0x000002bee6f39960 JavaThread "AWT-Windows" daemon [_thread_in_native, id=12448, stack(0x000000fb2be00000,0x000000fb2bf00000)]
  0x000002bee6f36940 JavaThread "AWT-EventQueue-0" [_thread_blocked, id=20108, stack(0x000000fb2bf00000,0x000000fb2c000000)]
  0x000002bee6f37c80 JavaThread "DestroyJavaVM" [_thread_blocked, id=13412, stack(0x000000fb2aa00000,0x000000fb2ab00000)]

Other Threads:
=>0x000002bee6ed17c0 VMThread "VM Thread" [stack: 0x000000fb2b000000,0x000000fb2b100000] [id=16508]
  0x000002bee70de010 WatcherThread [stack: 0x000000fb2ba00000,0x000000fb2bb00000] [id=15652]
  0x000002bec77e5d90 GCTaskThread "GC Thread#0" [stack: 0x000000fb2ab00000,0x000000fb2ac00000] [id=22568]
  0x000002bee77959e0 GCTaskThread "GC Thread#1" [stack: 0x000000fb2c300000,0x000000fb2c400000] [id=9900]
  0x000002bee7797030 GCTaskThread "GC Thread#2" [stack: 0x000000fb2c500000,0x000000fb2c600000] [id=11996]
  0x000002bee77946c0 GCTaskThread "GC Thread#3" [stack: 0x000000fb2c600000,0x000000fb2c700000] [id=18192]
  0x000002bee77966a0 GCTaskThread "GC Thread#4" [stack: 0x000000fb2c700000,0x000000fb2c800000] [id=13632]
  0x000002bee7795050 GCTaskThread "GC Thread#5" [stack: 0x000000fb2c800000,0x000000fb2c900000] [id=17732]
  0x000002bec77f7640 ConcurrentGCThread "G1 Main Marker" [stack: 0x000000fb2ac00000,0x000000fb2ad00000] [id=2572]
  0x000002bec77f82b0 ConcurrentGCThread "G1 Conc#0" [stack: 0x000000fb2ad00000,0x000000fb2ae00000] [id=19160]
  0x000002bee7795380 ConcurrentGCThread "G1 Conc#1" [stack: 0x000000fb2c400000,0x000000fb2c500000] [id=6720]
  0x000002bee65064e0 ConcurrentGCThread "G1 Refine#0" [stack: 0x000000fb2ae00000,0x000000fb2af00000] [id=3688]
  0x000002bec786e870 ConcurrentGCThread "G1 Young RemSet Sampling" [stack: 0x000000fb2af00000,0x000000fb2b000000] [id=16008]

Threads with active compile tasks:

VM state: at safepoint (normal execution)

VM Mutex/Monitor currently owned by a thread:  ([mutex/lock_event])
[0x000002bec7795a50] Threads_lock - owner thread: 0x000002bee6ed17c0
[0x000002bec7796f20] Heap_lock - owner thread: 0x000002bee6f36940

Heap address: 0x0000000701c00000, size: 4068 MB, Compressed Oops mode: Zero based, Oop shift amount: 3
CDS disabled.
Compressed class space mapped at: 0x0000000800000000-0x0000000840000000, size: 1073741824
Narrow klass base: 0x0000000800000000, Narrow klass shift: 0, Narrow klass range: 0x40000000

GC Precious Log:
 CPUs: 8 total, 8 available
 Memory: 16267M
 Large Page Support: Disabled
 NUMA Support: Disabled
 Compressed Oops: Enabled (Zero based)
 Heap Region Size: 2M
 Heap Min Capacity: 8M
 Heap Initial Capacity: 256M
 Heap Max Capacity: 4068M
 Pre-touch: Disabled
 Parallel Workers: 8
 Concurrent Workers: 2
 Concurrent Refinement Workers: 8
 Periodic GC: Disabled

Heap:
 garbage-first heap   total 262144K, used 2120K [0x0000000701c00000, 0x0000000800000000)
  region size 2048K, 2 young (4096K), 2 survivors (4096K)
 Metaspace       used 12993K, capacity 13093K, committed 13184K, reserved 1069056K
  class space    used 1314K, capacity 1373K, committed 1408K, reserved 1048576K

Heap Regions: E=young(eden), S=young(survivor), O=old, HS=humongous(starts), HC=humongous(continues), CS=collection set, F=free, OA=open archive, CA=closed archive, TAMS=top-at-mark-start (previous, next)
|   0|0x0000000701c00000, 0x0000000701c00000, 0x0000000701e00000|  0%| F|  |TAMS 0x0000000701c00000, 0x0000000701c00000| Untracked 
|   1|0x0000000701e00000, 0x0000000701e00000, 0x0000000702000000|  0%| F|  |TAMS 0x0000000701e00000, 0x0000000701e00000| Untracked 
|   2|0x0000000702000000, 0x0000000702000000, 0x0000000702200000|  0%| F|  |TAMS 0x0000000702000000, 0x0000000702000000| Untracked 
|   3|0x0000000702200000, 0x0000000702200000, 0x0000000702400000|  0%| F|  |TAMS 0x0000000702200000, 0x0000000702200000| Untracked 
|   4|0x0000000702400000, 0x0000000702400000, 0x0000000702600000|  0%| F|  |TAMS 0x0000000702400000, 0x0000000702400000| Untracked 
|   5|0x0000000702600000, 0x0000000702600000, 0x0000000702800000|  0%| F|  |TAMS 0x0000000702600000, 0x0000000702600000| Untracked 
|   6|0x0000000702800000, 0x0000000702800000, 0x0000000702a00000|  0%| F|  |TAMS 0x0000000702800000, 0x0000000702800000| Untracked 
|   7|0x0000000702a00000, 0x0000000702a00000, 0x0000000702c00000|  0%| F|  |TAMS 0x0000000702a00000, 0x0000000702a00000| Untracked 
|   8|0x0000000702c00000, 0x0000000702c00000, 0x0000000702e00000|  0%| F|  |TAMS 0x0000000702c00000, 0x0000000702c00000| Untracked 
|   9|0x0000000702e00000, 0x0000000702e00000, 0x0000000703000000|  0%| F|  |TAMS 0x0000000702e00000, 0x0000000702e00000| Untracked 
|  10|0x0000000703000000, 0x0000000703000000, 0x0000000703200000|  0%| F|  |TAMS 0x0000000703000000, 0x0000000703000000| Untracked 
|  11|0x0000000703200000, 0x0000000703200000, 0x0000000703400000|  0%| F|  |TAMS 0x0000000703200000, 0x0000000703200000| Untracked 
|  12|0x0000000703400000, 0x0000000703400000, 0x0000000703600000|  0%| F|  |TAMS 0x0000000703400000, 0x0000000703400000| Untracked 
|  13|0x0000000703600000, 0x0000000703600000, 0x0000000703800000|  0%| F|  |TAMS 0x0000000703600000, 0x0000000703600000| Untracked 
|  14|0x0000000703800000, 0x0000000703800000, 0x0000000703a00000|  0%| F|  |TAMS 0x0000000703800000, 0x0000000703800000| Untracked 
|  15|0x0000000703a00000, 0x0000000703a00000, 0x0000000703c00000|  0%| F|  |TAMS 0x0000000703a00000, 0x0000000703a00000| Untracked 
|  16|0x0000000703c00000, 0x0000000703c00000, 0x0000000703e00000|  0%| F|  |TAMS 0x0000000703c00000, 0x0000000703c00000| Untracked 
|  17|0x0000000703e00000, 0x0000000703e00000, 0x0000000704000000|  0%| F|  |TAMS 0x0000000703e00000, 0x0000000703e00000| Untracked 
|  18|0x0000000704000000, 0x0000000704000000, 0x0000000704200000|  0%| F|  |TAMS 0x0000000704000000, 0x0000000704000000| Untracked 
|  19|0x0000000704200000, 0x0000000704200000, 0x0000000704400000|  0%| F|  |TAMS 0x0000000704200000, 0x0000000704200000| Untracked 
|  20|0x0000000704400000, 0x0000000704400000, 0x0000000704600000|  0%| F|  |TAMS 0x0000000704400000, 0x0000000704400000| Untracked 
|  21|0x0000000704600000, 0x0000000704600000, 0x0000000704800000|  0%| F|  |TAMS 0x0000000704600000, 0x0000000704600000| Untracked 
|  22|0x0000000704800000, 0x0000000704800000, 0x0000000704a00000|  0%| F|  |TAMS 0x0000000704800000, 0x0000000704800000| Untracked 
|  23|0x0000000704a00000, 0x0000000704a00000, 0x0000000704c00000|  0%| F|  |TAMS 0x0000000704a00000, 0x0000000704a00000| Untracked 
|  24|0x0000000704c00000, 0x0000000704c00000, 0x0000000704e00000|  0%| F|  |TAMS 0x0000000704c00000, 0x0000000704c00000| Untracked 
|  25|0x0000000704e00000, 0x0000000704e00000, 0x0000000705000000|  0%| F|  |TAMS 0x0000000704e00000, 0x0000000704e00000| Untracked 
|  26|0x0000000705000000, 0x0000000705000000, 0x0000000705200000|  0%| F|  |TAMS 0x0000000705000000, 0x0000000705000000| Untracked 
|  27|0x0000000705200000, 0x0000000705200000, 0x0000000705400000|  0%| F|  |TAMS 0x0000000705200000, 0x0000000705200000| Untracked 
|  28|0x0000000705400000, 0x0000000705400000, 0x0000000705600000|  0%| F|  |TAMS 0x0000000705400000, 0x0000000705400000| Untracked 
|  29|0x0000000705600000, 0x0000000705600000, 0x0000000705800000|  0%| F|  |TAMS 0x0000000705600000, 0x0000000705600000| Untracked 
|  30|0x0000000705800000, 0x0000000705800000, 0x0000000705a00000|  0%| F|  |TAMS 0x0000000705800000, 0x0000000705800000| Untracked 
|  31|0x0000000705a00000, 0x0000000705a00000, 0x0000000705c00000|  0%| F|  |TAMS 0x0000000705a00000, 0x0000000705a00000| Untracked 
|  32|0x0000000705c00000, 0x0000000705c00000, 0x0000000705e00000|  0%| F|  |TAMS 0x0000000705c00000, 0x0000000705c00000| Untracked 
|  33|0x0000000705e00000, 0x0000000705e00000, 0x0000000706000000|  0%| F|  |TAMS 0x0000000705e00000, 0x0000000705e00000| Untracked 
|  34|0x0000000706000000, 0x0000000706000000, 0x0000000706200000|  0%| F|  |TAMS 0x0000000706000000, 0x0000000706000000| Untracked 
|  35|0x0000000706200000, 0x0000000706200000, 0x0000000706400000|  0%| F|  |TAMS 0x0000000706200000, 0x0000000706200000| Untracked 
|  36|0x0000000706400000, 0x0000000706400000, 0x0000000706600000|  0%| F|  |TAMS 0x0000000706400000, 0x0000000706400000| Untracked 
|  37|0x0000000706600000, 0x0000000706600000, 0x0000000706800000|  0%| F|  |TAMS 0x0000000706600000, 0x0000000706600000| Untracked 
|  38|0x0000000706800000, 0x0000000706800000, 0x0000000706a00000|  0%| F|  |TAMS 0x0000000706800000, 0x0000000706800000| Untracked 
|  39|0x0000000706a00000, 0x0000000706a00000, 0x0000000706c00000|  0%| F|  |TAMS 0x0000000706a00000, 0x0000000706a00000| Untracked 
|  40|0x0000000706c00000, 0x0000000706c00000, 0x0000000706e00000|  0%| F|  |TAMS 0x0000000706c00000, 0x0000000706c00000| Untracked 
|  41|0x0000000706e00000, 0x0000000706e00000, 0x0000000707000000|  0%| F|  |TAMS 0x0000000706e00000, 0x0000000706e00000| Untracked 
|  42|0x0000000707000000, 0x0000000707000000, 0x0000000707200000|  0%| F|  |TAMS 0x0000000707000000, 0x0000000707000000| Untracked 
|  43|0x0000000707200000, 0x0000000707200000, 0x0000000707400000|  0%| F|  |TAMS 0x0000000707200000, 0x0000000707200000| Untracked 
|  44|0x0000000707400000, 0x0000000707400000, 0x0000000707600000|  0%| F|  |TAMS 0x0000000707400000, 0x0000000707400000| Untracked 
|  45|0x0000000707600000, 0x0000000707600000, 0x0000000707800000|  0%| F|  |TAMS 0x0000000707600000, 0x0000000707600000| Untracked 
|  46|0x0000000707800000, 0x0000000707800000, 0x0000000707a00000|  0%| F|  |TAMS 0x0000000707800000, 0x0000000707800000| Untracked 
|  47|0x0000000707a00000, 0x0000000707a00000, 0x0000000707c00000|  0%| F|  |TAMS 0x0000000707a00000, 0x0000000707a00000| Untracked 
|  48|0x0000000707c00000, 0x0000000707c00000, 0x0000000707e00000|  0%| F|  |TAMS 0x0000000707c00000, 0x0000000707c00000| Untracked 
|  49|0x0000000707e00000, 0x0000000707e00000, 0x0000000708000000|  0%| F|  |TAMS 0x0000000707e00000, 0x0000000707e00000| Untracked 
|  50|0x0000000708000000, 0x0000000708000000, 0x0000000708200000|  0%| F|  |TAMS 0x0000000708000000, 0x0000000708000000| Untracked 
|  51|0x0000000708200000, 0x0000000708200000, 0x0000000708400000|  0%| F|  |TAMS 0x0000000708200000, 0x0000000708200000| Untracked 
|  52|0x0000000708400000, 0x0000000708400000, 0x0000000708600000|  0%| F|  |TAMS 0x0000000708400000, 0x0000000708400000| Untracked 
|  53|0x0000000708600000, 0x0000000708600000, 0x0000000708800000|  0%| F|  |TAMS 0x0000000708600000, 0x0000000708600000| Untracked 
|  54|0x0000000708800000, 0x0000000708800000, 0x0000000708a00000|  0%| F|  |TAMS 0x0000000708800000, 0x0000000708800000| Untracked 
|  55|0x0000000708a00000, 0x0000000708a00000, 0x0000000708c00000|  0%| F|  |TAMS 0x0000000708a00000, 0x0000000708a00000| Untracked 
|  56|0x0000000708c00000, 0x0000000708c00000, 0x0000000708e00000|  0%| F|  |TAMS 0x0000000708c00000, 0x0000000708c00000| Untracked 
|  57|0x0000000708e00000, 0x0000000708e00000, 0x0000000709000000|  0%| F|  |TAMS 0x0000000708e00000, 0x0000000708e00000| Untracked 
|  58|0x0000000709000000, 0x0000000709000000, 0x0000000709200000|  0%| F|  |TAMS 0x0000000709000000, 0x0000000709000000| Untracked 
|  59|0x0000000709200000, 0x0000000709200000, 0x0000000709400000|  0%| F|  |TAMS 0x0000000709200000, 0x0000000709200000| Untracked 
|  60|0x0000000709400000, 0x0000000709400000, 0x0000000709600000|  0%| F|  |TAMS 0x0000000709400000, 0x0000000709400000| Untracked 
|  61|0x0000000709600000, 0x0000000709600000, 0x0000000709800000|  0%| F|  |TAMS 0x0000000709600000, 0x0000000709600000| Untracked 
|  62|0x0000000709800000, 0x0000000709800000, 0x0000000709a00000|  0%| F|  |TAMS 0x0000000709800000, 0x0000000709800000| Untracked 
|  63|0x0000000709a00000, 0x0000000709a00000, 0x0000000709c00000|  0%| F|  |TAMS 0x0000000709a00000, 0x0000000709a00000| Untracked 
|  64|0x0000000709c00000, 0x0000000709c00000, 0x0000000709e00000|  0%| F|  |TAMS 0x0000000709c00000, 0x0000000709c00000| Untracked 
|  65|0x0000000709e00000, 0x0000000709e00000, 0x000000070a000000|  0%| F|  |TAMS 0x0000000709e00000, 0x0000000709e00000| Untracked 
|  66|0x000000070a000000, 0x000000070a000000, 0x000000070a200000|  0%| F|  |TAMS 0x000000070a000000, 0x000000070a000000| Untracked 
|  67|0x000000070a200000, 0x000000070a200000, 0x000000070a400000|  0%| F|  |TAMS 0x000000070a200000, 0x000000070a200000| Untracked 
|  68|0x000000070a400000, 0x000000070a400000, 0x000000070a600000|  0%| F|  |TAMS 0x000000070a400000, 0x000000070a400000| Untracked 
|  69|0x000000070a600000, 0x000000070a600000, 0x000000070a800000|  0%| F|  |TAMS 0x000000070a600000, 0x000000070a600000| Untracked 
|  70|0x000000070a800000, 0x000000070a800000, 0x000000070aa00000|  0%| F|  |TAMS 0x000000070a800000, 0x000000070a800000| Untracked 
|  71|0x000000070aa00000, 0x000000070aa00000, 0x000000070ac00000|  0%| F|  |TAMS 0x000000070aa00000, 0x000000070aa00000| Untracked 
|  72|0x000000070ac00000, 0x000000070ac00000, 0x000000070ae00000|  0%| F|  |TAMS 0x000000070ac00000, 0x000000070ac00000| Untracked 
|  73|0x000000070ae00000, 0x000000070ae00000, 0x000000070b000000|  0%| F|  |TAMS 0x000000070ae00000, 0x000000070ae00000| Untracked 
|  74|0x000000070b000000, 0x000000070b000000, 0x000000070b200000|  0%| F|  |TAMS 0x000000070b000000, 0x000000070b000000| Untracked 
|  75|0x000000070b200000, 0x000000070b200000, 0x000000070b400000|  0%| F|  |TAMS 0x000000070b200000, 0x000000070b200000| Untracked 
|  76|0x000000070b400000, 0x000000070b400000, 0x000000070b600000|  0%| F|  |TAMS 0x000000070b400000, 0x000000070b400000| Untracked 
|  77|0x000000070b600000, 0x000000070b600000, 0x000000070b800000|  0%| F|  |TAMS 0x000000070b600000, 0x000000070b600000| Untracked 
|  78|0x000000070b800000, 0x000000070b800000, 0x000000070ba00000|  0%| F|  |TAMS 0x000000070b800000, 0x000000070b800000| Untracked 
|  79|0x000000070ba00000, 0x000000070ba00000, 0x000000070bc00000|  0%| F|  |TAMS 0x000000070ba00000, 0x000000070ba00000| Untracked 
|  80|0x000000070bc00000, 0x000000070bc00000, 0x000000070be00000|  0%| F|  |TAMS 0x000000070bc00000, 0x000000070bc00000| Untracked 
|  81|0x000000070be00000, 0x000000070be00000, 0x000000070c000000|  0%| F|  |TAMS 0x000000070be00000, 0x000000070be00000| Untracked 
|  82|0x000000070c000000, 0x000000070c000000, 0x000000070c200000|  0%| F|  |TAMS 0x000000070c000000, 0x000000070c000000| Untracked 
|  83|0x000000070c200000, 0x000000070c200000, 0x000000070c400000|  0%| F|  |TAMS 0x000000070c200000, 0x000000070c200000| Untracked 
|  84|0x000000070c400000, 0x000000070c400000, 0x000000070c600000|  0%| F|  |TAMS 0x000000070c400000, 0x000000070c400000| Untracked 
|  85|0x000000070c600000, 0x000000070c600000, 0x000000070c800000|  0%| F|  |TAMS 0x000000070c600000, 0x000000070c600000| Untracked 
|  86|0x000000070c800000, 0x000000070c800000, 0x000000070ca00000|  0%| F|  |TAMS 0x000000070c800000, 0x000000070c800000| Untracked 
|  87|0x000000070ca00000, 0x000000070ca00000, 0x000000070cc00000|  0%| F|  |TAMS 0x000000070ca00000, 0x000000070ca00000| Untracked 
|  88|0x000000070cc00000, 0x000000070cc00000, 0x000000070ce00000|  0%| F|  |TAMS 0x000000070cc00000, 0x000000070cc00000| Untracked 
|  89|0x000000070ce00000, 0x000000070ce00000, 0x000000070d000000|  0%| F|  |TAMS 0x000000070ce00000, 0x000000070ce00000| Untracked 
|  90|0x000000070d000000, 0x000000070d000000, 0x000000070d200000|  0%| F|  |TAMS 0x000000070d000000, 0x000000070d000000| Untracked 
|  91|0x000000070d200000, 0x000000070d200000, 0x000000070d400000|  0%| F|  |TAMS 0x000000070d200000, 0x000000070d200000| Untracked 
|  92|0x000000070d400000, 0x000000070d400000, 0x000000070d600000|  0%| F|  |TAMS 0x000000070d400000, 0x000000070d400000| Untracked 
|  93|0x000000070d600000, 0x000000070d600000, 0x000000070d800000|  0%| F|  |TAMS 0x000000070d600000, 0x000000070d600000| Untracked 
|  94|0x000000070d800000, 0x000000070d800000, 0x000000070da00000|  0%| F|  |TAMS 0x000000070d800000, 0x000000070d800000| Untracked 
|  95|0x000000070da00000, 0x000000070da00000, 0x000000070dc00000|  0%| F|  |TAMS 0x000000070da00000, 0x000000070da00000| Untracked 
|  96|0x000000070dc00000, 0x000000070dc00000, 0x000000070de00000|  0%| F|  |TAMS 0x000000070dc00000, 0x000000070dc00000| Untracked 
|  97|0x000000070de00000, 0x000000070de00000, 0x000000070e000000|  0%| F|  |TAMS 0x000000070de00000, 0x000000070de00000| Untracked 
|  98|0x000000070e000000, 0x000000070e000000, 0x000000070e200000|  0%| F|  |TAMS 0x000000070e000000, 0x000000070e000000| Untracked 
|  99|0x000000070e200000, 0x000000070e200000, 0x000000070e400000|  0%| F|  |TAMS 0x000000070e200000, 0x000000070e200000| Untracked 
| 100|0x000000070e400000, 0x000000070e400000, 0x000000070e600000|  0%| F|  |TAMS 0x000000070e400000, 0x000000070e400000| Untracked 
| 101|0x000000070e600000, 0x000000070e600000, 0x000000070e800000|  0%| F|  |TAMS 0x000000070e600000, 0x000000070e600000| Untracked 
| 102|0x000000070e800000, 0x000000070e800000, 0x000000070ea00000|  0%| F|  |TAMS 0x000000070e800000, 0x000000070e800000| Untracked 
| 103|0x000000070ea00000, 0x000000070ea00000, 0x000000070ec00000|  0%| F|  |TAMS 0x000000070ea00000, 0x000000070ea00000| Untracked 
| 104|0x000000070ec00000, 0x000000070ec00000, 0x000000070ee00000|  0%| F|  |TAMS 0x000000070ec00000, 0x000000070ec00000| Untracked 
| 105|0x000000070ee00000, 0x000000070ee00000, 0x000000070f000000|  0%| F|  |TAMS 0x000000070ee00000, 0x000000070ee00000| Untracked 
| 106|0x000000070f000000, 0x000000070f000000, 0x000000070f200000|  0%| F|  |TAMS 0x000000070f000000, 0x000000070f000000| Untracked 
| 107|0x000000070f200000, 0x000000070f200000, 0x000000070f400000|  0%| F|  |TAMS 0x000000070f200000, 0x000000070f200000| Untracked 
| 108|0x000000070f400000, 0x000000070f400000, 0x000000070f600000|  0%| F|  |TAMS 0x000000070f400000, 0x000000070f400000| Untracked 
| 109|0x000000070f600000, 0x000000070f600000, 0x000000070f800000|  0%| F|  |TAMS 0x000000070f600000, 0x000000070f600000| Untracked 
| 110|0x000000070f800000, 0x000000070f800000, 0x000000070fa00000|  0%| F|  |TAMS 0x000000070f800000, 0x000000070f800000| Untracked 
| 111|0x000000070fa00000, 0x000000070fa00000, 0x000000070fc00000|  0%| F|  |TAMS 0x000000070fa00000, 0x000000070fa00000| Untracked 
| 112|0x000000070fc00000, 0x000000070fc00000, 0x000000070fe00000|  0%| F|  |TAMS 0x000000070fc00000, 0x000000070fc00000| Untracked 
| 113|0x000000070fe00000, 0x000000070fe00000, 0x0000000710000000|  0%| F|  |TAMS 0x000000070fe00000, 0x000000070fe00000| Untracked 
| 114|0x0000000710000000, 0x0000000710000000, 0x0000000710200000|  0%| F|  |TAMS 0x0000000710000000, 0x0000000710000000| Untracked 
| 115|0x0000000710200000, 0x0000000710200000, 0x0000000710400000|  0%| F|  |TAMS 0x0000000710200000, 0x0000000710200000| Untracked 
| 116|0x0000000710400000, 0x0000000710400000, 0x0000000710600000|  0%| F|  |TAMS 0x0000000710400000, 0x0000000710400000| Untracked 
| 117|0x0000000710600000, 0x0000000710600000, 0x0000000710800000|  0%| F|  |TAMS 0x0000000710600000, 0x0000000710600000| Untracked 
| 118|0x0000000710800000, 0x0000000710800000, 0x0000000710a00000|  0%| F|  |TAMS 0x0000000710800000, 0x0000000710800000| Untracked 
| 119|0x0000000710a00000, 0x0000000710a00000, 0x0000000710c00000|  0%| F|  |TAMS 0x0000000710a00000, 0x0000000710a00000| Untracked 
| 120|0x0000000710c00000, 0x0000000710c00000, 0x0000000710e00000|  0%| F|  |TAMS 0x0000000710c00000, 0x0000000710c00000| Untracked 
| 121|0x0000000710e00000, 0x0000000710e00000, 0x0000000711000000|  0%| F|  |TAMS 0x0000000710e00000, 0x0000000710e00000| Untracked 
| 122|0x0000000711000000, 0x0000000711012010, 0x0000000711200000|  3%| S|CS|TAMS 0x0000000711000000, 0x0000000711000000| Complete 
| 123|0x0000000711200000, 0x0000000711400000, 0x0000000711400000|100%| S|CS|TAMS 0x0000000711200000, 0x0000000711200000| Complete 
| 124|0x0000000711400000, 0x0000000711400000, 0x0000000711600000|  0%| F|  |TAMS 0x0000000711400000, 0x0000000711400000| Untracked 
| 125|0x0000000711600000, 0x0000000711600000, 0x0000000711800000|  0%| F|  |TAMS 0x0000000711600000, 0x0000000711600000| Untracked 
| 126|0x0000000711800000, 0x0000000711800000, 0x0000000711a00000|  0%| F|  |TAMS 0x0000000711800000, 0x0000000711800000| Untracked 
| 127|0x0000000711a00000, 0x0000000711a00000, 0x0000000711c00000|  0%| F|  |TAMS 0x0000000711a00000, 0x0000000711a00000| Untracked 

Card table byte_map: [0x000002bedacf0000,0x000002bedb4f0000] _byte_map_base: 0x000002bed74e2000

Marking Bits (Prev, Next): (CMBitMap*) 0x000002bec77e6600, (CMBitMap*) 0x000002bec77e6640
 Prev Bits: [0x000002bedbcf0000, 0x000002bedfc80000)
 Next Bits: [0x000002bedfc80000, 0x000002bee3c10000)

Polling page: 0x000002bec6f70000

Metaspace:

Usage:
  Non-class:     11.45 MB capacity,    11.40 MB (>99%) used,    26.58 KB ( <1%) free+waste,    14.75 KB ( <1%) overhead. 
      Class:      1.34 MB capacity,     1.28 MB ( 96%) used,    52.70 KB (  4%) free+waste,     5.38 KB ( <1%) overhead. 
       Both:     12.79 MB capacity,    12.69 MB (>99%) used,    79.28 KB ( <1%) free+waste,    20.12 KB ( <1%) overhead. 

Virtual space:
  Non-class space:       20.00 MB reserved,      11.50 MB ( 58%) committed 
      Class space:        1.00 GB reserved,       1.38 MB ( <1%) committed 
             Both:        1.02 GB reserved,      12.88 MB (  1%) committed 

Chunk freelists:
   Non-Class:  56.00 KB
       Class:  3.00 KB
        Both:  59.00 KB

MaxMetaspaceSize: 17179869184.00 GB
CompressedClassSpaceSize: 1.00 GB

CodeHeap 'non-profiled nmethods': size=120000Kb used=157Kb max_used=157Kb free=119842Kb
 bounds [0x000002bed2c80000, 0x000002bed2ef0000, 0x000002beda1b0000]
CodeHeap 'profiled nmethods': size=120000Kb used=808Kb max_used=808Kb free=119191Kb
 bounds [0x000002becb750000, 0x000002becb9c0000, 0x000002bed2c80000]
CodeHeap 'non-nmethods': size=5760Kb used=1245Kb max_used=1254Kb free=4514Kb
 bounds [0x000002becb1b0000, 0x000002becb420000, 0x000002becb750000]
 total_blobs=1093 nmethods=567 adapters=439
 compilation: enabled
              stopped_count=0, restarted_count=0
 full_count=0

Compilation events (20 events):
Event: 0.519 Thread 0x000002bee6f3ce20  558       1       java.awt.Component::getObjectLock (5 bytes)
Event: 0.519 Thread 0x000002bee6f3ce20 nmethod 558 0x000002bed2ca6890 code [0x000002bed2ca6a20, 0x000002bed2ca6ad8]
Event: 0.519 Thread 0x000002bee6f3ce20  559       3       java.awt.Component::getTreeLock (4 bytes)
Event: 0.519 Thread 0x000002bee6f3ce20 nmethod 559 0x000002becb817b10 code [0x000002becb817ca0, 0x000002becb817db8]
Event: 0.520 Thread 0x000002bee6f3ce20  560       1       java.lang.Boolean::booleanValue (5 bytes)
Event: 0.520 Thread 0x000002bee6f3ce20 nmethod 560 0x000002bed2ca6b90 code [0x000002bed2ca6d20, 0x000002bed2ca6dd8]
Event: 0.521 Thread 0x000002bee6f3ce20  561       3       java.lang.invoke.MethodTypeForm::canonicalizeAll (63 bytes)
Event: 0.521 Thread 0x000002bee6f3ce20 nmethod 561 0x000002becb817e90 code [0x000002becb818080, 0x000002becb8186d8]
Event: 0.575 Thread 0x000002bee6f3a900  563       4       sun.java2d.loops.GraphicsPrimitiveMgr$2::compare (39 bytes)
Event: 0.576 Thread 0x000002bee6f3a900 nmethod 563 0x000002bed2ca7190 code [0x000002bed2ca7320, 0x000002bed2ca7418]
Event: 0.578 Thread 0x000002bee6f3ce20  564       3       jdk.internal.logger.SimpleConsoleLogger::isLoggable (29 bytes)
Event: 0.578 Thread 0x000002bee6f3ce20 nmethod 564 0x000002becb818890 code [0x000002becb818a40, 0x000002becb818d88]
Event: 0.578 Thread 0x000002bee6f3ce20  565       3       jdk.internal.logger.SimpleConsoleLogger::effectiveLevel (17 bytes)
Event: 0.578 Thread 0x000002bee6f3ce20 nmethod 565 0x000002becb818e90 code [0x000002becb819040, 0x000002becb819268]
Event: 0.578 Thread 0x000002bee6f3ce20  566       3       jdk.internal.logger.SurrogateLogger::defaultPlatformLevel (4 bytes)
Event: 0.578 Thread 0x000002bee6f3ce20 nmethod 566 0x000002becb819310 code [0x000002becb8194a0, 0x000002becb8195b8]
Event: 0.580 Thread 0x000002bee6f3ce20  567       3       java.lang.Integer::numberOfLeadingZeros (79 bytes)
Event: 0.580 Thread 0x000002bee6f3ce20 nmethod 567 0x000002becb819690 code [0x000002becb819840, 0x000002becb819ad8]
Event: 0.581 Thread 0x000002bee6f3ce20  568       3       java.security.AccessController::executePrivileged (65 bytes)
Event: 0.581 Thread 0x000002bee6f3ce20 nmethod 568 0x000002becb819b90 code [0x000002becb819d60, 0x000002becb81a058]

GC Heap History (2 events):
Event: 0.589 GC heap before
{Heap before GC invocations=0 (full 0):
 garbage-first heap   total 262144K, used 4096K [0x0000000701c00000, 0x0000000800000000)
  region size 2048K, 4 young (8192K), 0 survivors (0K)
 Metaspace       used 12993K, capacity 13093K, committed 13184K, reserved 1067008K
  class space    used 1314K, capacity 1373K, committed 1408K, reserved 1048576K
}
Event: 0.595 GC heap after
{Heap after GC invocations=1 (full 0):
 garbage-first heap   total 262144K, used 2120K [0x0000000701c00000, 0x0000000800000000)
  region size 2048K, 2 young (4096K), 2 survivors (4096K)
 Metaspace       used 12993K, capacity 13093K, committed 13184K, reserved 1067008K
  class space    used 1314K, capacity 1373K, committed 1408K, reserved 1048576K
}

Deoptimization events (8 events):
Event: 0.118 Thread 0x000002bec7799f70 Uncommon trap: trap_request=0xffffff45 fr.pc=0x000002bed2c84038 relative=0x0000000000000218
Event: 0.118 Thread 0x000002bec7799f70 Uncommon trap: reason=unstable_if action=reinterpret pc=0x000002bed2c84038 method=java.lang.String.hashCode()I @ 42 c2
Event: 0.118 Thread 0x000002bec7799f70 DEOPT PACKING pc=0x000002bed2c84038 sp=0x000000fb2aafd790
Event: 0.118 Thread 0x000002bec7799f70 DEOPT UNPACKING pc=0x000002becb1fe42f sp=0x000000fb2aafd728 mode 2
Event: 0.487 Thread 0x000002bec7799f70 Uncommon trap: trap_request=0xffffffe5 fr.pc=0x000002bed2c940a4 relative=0x0000000000000204
Event: 0.487 Thread 0x000002bec7799f70 Uncommon trap: reason=range_check action=reinterpret pc=0x000002bed2c940a4 method=java.lang.StringLatin1.indexOf([BII)I @ 13 c2
Event: 0.487 Thread 0x000002bec7799f70 DEOPT PACKING pc=0x000002bed2c940a4 sp=0x000000fb2aafc960
Event: 0.487 Thread 0x000002bec7799f70 DEOPT UNPACKING pc=0x000002becb1fe42f sp=0x000000fb2aafc8e0 mode 2

Classes unloaded (0 events):
No events

Classes redefined (0 events):
No events

Internal exceptions (12 events):
Event: 0.143 Thread 0x000002bec7799f70 Exception <a 'java/lang/NoSuchMethodError'{0x0000000711b1b2f0}: 'void java.lang.invoke.DirectMethodHandle$Holder.invokeSpecial(java.lang.Object, java.lang.Object, java.lang.Object)'> (0x0000000711b1b2f0) 
thrown [./open/src/hotspot/share/interpreter/linkResolver.cpp, line 782]
Event: 0.169 Thread 0x000002bec7799f70 Exception <a 'java/lang/ClassNotFoundException'{0x0000000711b3b800}: sun/awt/resources/spi/awtProvider> (0x0000000711b3b800) 
thrown [./open/src/hotspot/share/classfile/systemDictionary.cpp, line 295]
Event: 0.203 Thread 0x000002bec7799f70 Exception <a 'java/io/FileNotFoundException'{0x0000000711b97ba8}> (0x0000000711b97ba8) 
thrown [./open/src/hotspot/share/prims/jni.cpp, line 578]
Event: 0.212 Thread 0x000002bec7799f70 Exception <a 'java/io/FileNotFoundException'{0x0000000711bc66e0}> (0x0000000711bc66e0) 
thrown [./open/src/hotspot/share/prims/jni.cpp, line 578]
Event: 0.213 Thread 0x000002bec7799f70 Exception <a 'java/lang/NoSuchMethodError'{0x0000000711bc7a28}: 'java.lang.Object java.lang.invoke.DirectMethodHandle$Holder.invokeStatic(java.lang.Object)'> (0x0000000711bc7a28) 
thrown [./open/src/hotspot/share/interpreter/linkResolver.cpp, line 782]
Event: 0.274 Thread 0x000002bec7799f70 Exception <a 'java/lang/NoSuchMethodError'{0x0000000711823c28}: 'java.lang.Object java.lang.invoke.DirectMethodHandle$Holder.invokeStaticInit(java.lang.Object)'> (0x0000000711823c28) 
thrown [./open/src/hotspot/share/interpreter/linkResolver.cpp, line 782]
Event: 0.330 Thread 0x000002bec7799f70 Exception <a 'java/lang/NoSuchMethodError'{0x0000000711906a88}: 'java.lang.Object java.lang.invoke.DirectMethodHandle$Holder.newInvokeSpecial(java.lang.Object, java.lang.Object, java.lang.Object, java.lang.Object, java.lang.Object)'> (0x0000000711906a88) 
thrown [./open/src/hotspot/share/interpreter/linkResolver.cpp, line 782]
Event: 0.333 Thread 0x000002bec7799f70 Exception <a 'java/lang/NoSuchMethodError'{0x0000000711912518}: 'java.lang.Object java.lang.invoke.DirectMethodHandle$Holder.invokeStatic(java.lang.Object, int, java.lang.Object, java.lang.Object, java.lang.Object, java.lang.Object)'> (0x0000000711912518) 
thrown [./open/src/hotspot/share/interpreter/linkResolver.cpp, line 782]
Event: 0.339 Thread 0x000002bec7799f70 Exception <a 'java/lang/NoSuchMethodError'{0x00000007119387c0}: 'java.lang.Object java.lang.invoke.DirectMethodHandle$Holder.invokeStatic(java.lang.Object, int, java.lang.Object)'> (0x00000007119387c0) 
thrown [./open/src/hotspot/share/interpreter/linkResolver.cpp, line 782]
Event: 0.368 Thread 0x000002bec7799f70 Exception <a 'java/lang/ClassNotFoundException'{0x00000007119f0a10}: com/sun/swing/internal/plaf/metal/resources/spi/metalProvider> (0x00000007119f0a10) 
thrown [./open/src/hotspot/share/classfile/systemDictionary.cpp, line 295]
Event: 0.369 Thread 0x000002bec7799f70 Exception <a 'java/lang/ClassNotFoundException'{0x00000007119f4e38}: com/sun/swing/internal/plaf/basic/resources/spi/basicProvider> (0x00000007119f4e38) 
thrown [./open/src/hotspot/share/classfile/systemDictionary.cpp, line 295]
Event: 0.457 Thread 0x000002bec7799f70 Exception <a 'java/lang/NoSuchMethodError'{0x0000000711658918}: 'void java.lang.invoke.DirectMethodHandle$Holder.invokeStaticInit(java.lang.Object)'> (0x0000000711658918) 
thrown [./open/src/hotspot/share/interpreter/linkResolver.cpp, line 782]

Events (20 events):
Event: 0.586 loading class sun/java2d/Disposer$PollDisposable done
Event: 0.586 loading class sun/font/FontStrikeDisposer done
Event: 0.587 loading class sun/font/StrikeCache$SoftDisposerRef
Event: 0.587 loading class sun/font/StrikeCache$DisposableStrike
Event: 0.587 loading class sun/font/StrikeCache$DisposableStrike done
Event: 0.587 loading class sun/font/StrikeCache$SoftDisposerRef done
Event: 0.587 loading class sun/font/TrueTypeFont$TTDisposerRecord
Event: 0.587 loading class sun/font/TrueTypeFont$TTDisposerRecord done
Event: 0.587 loading class sun/font/TrueTypeFont$1
Event: 0.587 loading class sun/font/TrueTypeFont$1 done
Event: 0.587 loading class java/io/RandomAccessFile
Event: 0.587 loading class java/io/DataOutput
Event: 0.587 loading class java/io/DataOutput done
Event: 0.587 loading class java/io/RandomAccessFile done
Event: 0.588 loading class java/io/RandomAccessFile$2
Event: 0.588 loading class jdk/internal/access/JavaIORandomAccessFileAccess
Event: 0.588 loading class jdk/internal/access/JavaIORandomAccessFileAccess done
Event: 0.588 loading class java/io/RandomAccessFile$2 done
Event: 0.588 loading class sun/nio/ch/FileChannelImpl
Event: 0.588 Executing VM operation: CollectForMetadataAllocation


Dynamic libraries:
0x00007ff6d1490000 - 0x00007ff6d149d000 	C:\Users\Federico\.p2\pool\plugins\org.eclipse.justj.openjdk.hotspot.jre.full.win32.x86_64_15.0.2.v20210201-0955\jre\bin\javaw.exe
0x00007ffa515d0000 - 0x00007ffa517c5000 	C:\WINDOWS\SYSTEM32\ntdll.dll
0x00007ffa4fbf0000 - 0x00007ffa4fcad000 	C:\WINDOWS\System32\KERNEL32.DLL
0x00007ffa4efa0000 - 0x00007ffa4f268000 	C:\WINDOWS\System32\KERNELBASE.dll
0x00007ffa4eea0000 - 0x00007ffa4efa0000 	C:\WINDOWS\System32\ucrtbase.dll
0x00007ffa16000000 - 0x00007ffa16018000 	C:\Users\Federico\.p2\pool\plugins\org.eclipse.justj.openjdk.hotspot.jre.full.win32.x86_64_15.0.2.v20210201-0955\jre\bin\jli.dll
0x00007ffa13490000 - 0x00007ffa134a9000 	C:\Users\Federico\.p2\pool\plugins\org.eclipse.justj.openjdk.hotspot.jre.full.win32.x86_64_15.0.2.v20210201-0955\jre\bin\VCRUNTIME140.dll
0x00007ffa50020000 - 0x00007ffa501c0000 	C:\WINDOWS\System32\USER32.dll
0x00007ffa3bcc0000 - 0x00007ffa3bf5a000 	C:\WINDOWS\WinSxS\amd64_microsoft.windows.common-controls_6595b64144ccf1df_6.0.19041.844_none_ca00b6081b84eb1d\COMCTL32.dll
0x00007ffa4f370000 - 0x00007ffa4f392000 	C:\WINDOWS\System32\win32u.dll
0x00007ffa4f630000 - 0x00007ffa4f6ce000 	C:\WINDOWS\System32\msvcrt.dll
0x00007ffa4fb60000 - 0x00007ffa4fb8a000 	C:\WINDOWS\System32\GDI32.dll
0x00007ffa4f520000 - 0x00007ffa4f62b000 	C:\WINDOWS\System32\gdi32full.dll
0x00007ffa4f270000 - 0x00007ffa4f30d000 	C:\WINDOWS\System32\msvcp_win.dll
0x00007ffa4fe50000 - 0x00007ffa4fe80000 	C:\WINDOWS\System32\IMM32.DLL
0x00007ffa340e0000 - 0x00007ffa340ec000 	C:\Users\Federico\.p2\pool\plugins\org.eclipse.justj.openjdk.hotspot.jre.full.win32.x86_64_15.0.2.v20210201-0955\jre\bin\vcruntime140_1.dll
0x00007ffa132b0000 - 0x00007ffa13341000 	C:\Users\Federico\.p2\pool\plugins\org.eclipse.justj.openjdk.hotspot.jre.full.win32.x86_64_15.0.2.v20210201-0955\jre\bin\msvcp140.dll
0x00007ff9ea990000 - 0x00007ff9eb4ee000 	C:\Users\Federico\.p2\pool\plugins\org.eclipse.justj.openjdk.hotspot.jre.full.win32.x86_64_15.0.2.v20210201-0955\jre\bin\server\jvm.dll
0x00007ffa4ff10000 - 0x00007ffa4ffbc000 	C:\WINDOWS\System32\ADVAPI32.dll
0x00007ffa50820000 - 0x00007ffa508bb000 	C:\WINDOWS\System32\sechost.dll
0x00007ffa51340000 - 0x00007ffa5146b000 	C:\WINDOWS\System32\RPCRT4.dll
0x00007ffa514d0000 - 0x00007ffa514d8000 	C:\WINDOWS\System32\PSAPI.DLL
0x00007ffa40500000 - 0x00007ffa40509000 	C:\WINDOWS\SYSTEM32\WSOCK32.dll
0x00007ffa430f0000 - 0x00007ffa43117000 	C:\WINDOWS\SYSTEM32\WINMM.dll
0x00007ffa48710000 - 0x00007ffa4871a000 	C:\WINDOWS\SYSTEM32\VERSION.dll
0x00007ffa50630000 - 0x00007ffa5069b000 	C:\WINDOWS\System32\WS2_32.dll
0x00007ffa4ce00000 - 0x00007ffa4ce12000 	C:\WINDOWS\SYSTEM32\kernel.appcore.dll
0x00007ffa4b3b0000 - 0x00007ffa4b3ba000 	C:\Users\Federico\.p2\pool\plugins\org.eclipse.justj.openjdk.hotspot.jre.full.win32.x86_64_15.0.2.v20210201-0955\jre\bin\jimage.dll
0x00007ffa4ca50000 - 0x00007ffa4cc34000 	C:\WINDOWS\SYSTEM32\DBGHELP.DLL
0x00007ffa46b00000 - 0x00007ffa46b2c000 	C:\WINDOWS\SYSTEM32\dbgcore.DLL
0x00007ffa4f3f0000 - 0x00007ffa4f470000 	C:\WINDOWS\System32\bcryptPrimitives.dll
0x00007ffa1c950000 - 0x00007ffa1c975000 	C:\Users\Federico\.p2\pool\plugins\org.eclipse.justj.openjdk.hotspot.jre.full.win32.x86_64_15.0.2.v20210201-0955\jre\bin\java.dll
0x00007ffa1ed30000 - 0x00007ffa1ed48000 	C:\Users\Federico\.p2\pool\plugins\org.eclipse.justj.openjdk.hotspot.jre.full.win32.x86_64_15.0.2.v20210201-0955\jre\bin\zip.dll
0x00007ffa508c0000 - 0x00007ffa51002000 	C:\WINDOWS\System32\SHELL32.dll
0x00007ffa4ce20000 - 0x00007ffa4d5b0000 	C:\WINDOWS\SYSTEM32\windows.storage.dll
0x00007ffa4f800000 - 0x00007ffa4fb55000 	C:\WINDOWS\System32\combase.dll
0x00007ffa4e780000 - 0x00007ffa4e7ac000 	C:\WINDOWS\SYSTEM32\Wldp.dll
0x00007ffa4fcd0000 - 0x00007ffa4fd7e000 	C:\WINDOWS\System32\SHCORE.dll
0x00007ffa506a0000 - 0x00007ffa506f5000 	C:\WINDOWS\System32\shlwapi.dll
0x00007ffa4ec50000 - 0x00007ffa4ec6f000 	C:\WINDOWS\SYSTEM32\profapi.dll
0x00007ff9f9f50000 - 0x00007ff9fa0cf000 	C:\Users\Federico\.p2\pool\plugins\org.eclipse.justj.openjdk.hotspot.jre.full.win32.x86_64_15.0.2.v20210201-0955\jre\bin\awt.dll
0x00007ffa4fd80000 - 0x00007ffa4fe4d000 	C:\WINDOWS\System32\OLEAUT32.dll
0x00007ffa4c030000 - 0x00007ffa4c0c0000 	C:\WINDOWS\SYSTEM32\apphelp.dll
0x00007ffa4c5d0000 - 0x00007ffa4c5ff000 	C:\WINDOWS\system32\DWMAPI.DLL
0x00007ffa4c170000 - 0x00007ffa4c20e000 	C:\WINDOWS\system32\uxtheme.dll
0x00007ffa3e640000 - 0x00007ffa3e766000 	C:\WINDOWS\system32\opengl32.dll
0x00007ffa465c0000 - 0x00007ffa465ec000 	C:\WINDOWS\SYSTEM32\GLU32.dll
0x00007ffa50700000 - 0x00007ffa50815000 	C:\WINDOWS\System32\MSCTF.dll
0x00007ffa4f6d0000 - 0x00007ffa4f7fa000 	C:\WINDOWS\System32\ole32.dll
0x00007ffa13560000 - 0x00007ffa135e5000 	C:\Users\Federico\.p2\pool\plugins\org.eclipse.justj.openjdk.hotspot.jre.full.win32.x86_64_15.0.2.v20210201-0955\jre\bin\freetype.dll
0x00007ffa134b0000 - 0x00007ffa13559000 	C:\Users\Federico\.p2\pool\plugins\org.eclipse.justj.openjdk.hotspot.jre.full.win32.x86_64_15.0.2.v20210201-0955\jre\bin\fontmanager.dll
0x00007ffa514e0000 - 0x00007ffa51589000 	C:\WINDOWS\System32\clbcatq.dll
0x00007ffa30f20000 - 0x00007ffa310d4000 	C:\WINDOWS\SYSTEM32\WindowsCodecs.dll
0x00007ffa4ed10000 - 0x00007ffa4ed37000 	C:\WINDOWS\System32\bcrypt.dll
0x00007ffa44720000 - 0x00007ffa4475e000 	C:\WINDOWS\system32\dataexchange.dll
0x00007ffa49fd0000 - 0x00007ffa4a234000 	C:\WINDOWS\system32\d3d11.dll
0x00007ffa4b3c0000 - 0x00007ffa4b5a5000 	C:\WINDOWS\system32\dcomp.dll
0x00007ffa4d610000 - 0x00007ffa4d704000 	C:\WINDOWS\system32\dxgi.dll
0x00007ffa45150000 - 0x00007ffa45351000 	C:\WINDOWS\system32\twinapi.appcore.dll
0x00007ffa40110000 - 0x00007ffa40176000 	C:\WINDOWS\system32\Oleacc.dll

dbghelp: loaded successfully - version: 4.0.5 - missing functions: none
symbol engine: initialized successfully - sym options: 0x614 - pdb path: .;C:\Users\Federico\.p2\pool\plugins\org.eclipse.justj.openjdk.hotspot.jre.full.win32.x86_64_15.0.2.v20210201-0955\jre\bin;C:\WINDOWS\SYSTEM32;C:\WINDOWS\WinSxS\amd64_microsoft.windows.common-controls_6595b64144ccf1df_6.0.19041.844_none_ca00b6081b84eb1d;C:\Users\Federico\.p2\pool\plugins\org.eclipse.justj.openjdk.hotspot.jre.full.win32.x86_64_15.0.2.v20210201-0955\jre\bin\server

VM Arguments:
jvm_args: -Dfile.encoding=Cp1252 -XX:+ShowCodeDetailsInExceptionMessages 
java_command: uso_frames_varios.JFrame1
java_class_path (initial): D:\Facu\4to\JAVA\Projects\Clase_30042021\bin
Launcher Type: SUN_STANDARD

[Global flags]
     intx CICompilerCount                          = 4                                         {product} {ergonomic}
     uint ConcGCThreads                            = 2                                         {product} {ergonomic}
     uint G1ConcRefinementThreads                  = 8                                         {product} {ergonomic}
   size_t G1HeapRegionSize                         = 2097152                                   {product} {ergonomic}
    uintx GCDrainStackTargetSize                   = 64                                        {product} {ergonomic}
   size_t InitialHeapSize                          = 268435456                                 {product} {ergonomic}
   size_t MarkStackSize                            = 4194304                                   {product} {ergonomic}
   size_t MaxHeapSize                              = 4265607168                                {product} {ergonomic}
   size_t MaxNewSize                               = 2558525440                                {product} {ergonomic}
   size_t MinHeapDeltaBytes                        = 2097152                                   {product} {ergonomic}
   size_t MinHeapSize                              = 8388608                                   {product} {ergonomic}
    uintx NonNMethodCodeHeapSize                   = 5839372                                {pd product} {ergonomic}
    uintx NonProfiledCodeHeapSize                  = 122909434                              {pd product} {ergonomic}
    uintx ProfiledCodeHeapSize                     = 122909434                              {pd product} {ergonomic}
    uintx ReservedCodeCacheSize                    = 251658240                              {pd product} {ergonomic}
     bool SegmentedCodeCache                       = true                                      {product} {ergonomic}
     bool ShowCodeDetailsInExceptionMessages       = true                                   {manageable} {command line}
   size_t SoftMaxHeapSize                          = 4265607168                             {manageable} {ergonomic}
     bool UseCompressedClassPointers               = true                                 {lp64_product} {ergonomic}
     bool UseCompressedOops                        = true                                 {lp64_product} {ergonomic}
     bool UseG1GC                                  = true                                      {product} {ergonomic}
     bool UseLargePagesIndividualAllocation        = false                                  {pd product} {ergonomic}

Logging:
Log output configuration:
 #0: stdout all=warning uptime,level,tags
 #1: stderr all=off uptime,level,tags

Environment Variables:
JAVA_HOME=C:\Users\Federico\AppData\Local\Programs\AdoptOpenJDK\jdk-11.0.10.9-hotspot\
PATH=C:/Users/Federico/.p2/pool/plugins/org.eclipse.justj.openjdk.hotspot.jre.full.win32.x86_64_15.0.2.v20210201-0955/jre/bin/server;C:/Users/Federico/.p2/pool/plugins/org.eclipse.justj.openjdk.hotspot.jre.full.win32.x86_64_15.0.2.v20210201-0955/jre/bin;C:\Program Files (x86)\Razer\ChromaBroadcast\bin;C:\Program Files\Razer\ChromaBroadcast\bin;C:\Program Files (x86)\Common Files\Intel\Shared Libraries\redist\intel64\compiler;C:\WINDOWS\system32;C:\WINDOWS;C:\WINDOWS\System32\Wbem;C:\WINDOWS\System32\WindowsPowerShell\v1.0\;C:\WINDOWS\System32\OpenSSH\;C:\Program Files\Intel\WiFi\bin\;C:\Program Files\Common Files\Intel\WirelessCommon\;C:\TDM-GCC-64\bin;C:\Program Files\dotnet\;C:\Program Files\Microsoft SQL Server\130\Tools\Binn\;C:\Program Files (x86)\Yarn\bin\;C:\Program Files\Git\cmd;C:\Users\Federico\AppData\Local\Microsoft\WindowsApps;C:\Users\Federico\AppData\Local\Programs\Microsoft VS Code\bin;C:\MinGW\bin;C:\Users\Federico\AppData\Local\Yarn\bin;C:\Users\Federico\AppData\Roaming\npm;C:\Program Files\Amazon\AWSCLIV2\;C:\Program Files\Docker\Docker\resources\bin;C:\ProgramData\DockerDesktop\version-bin;C:\Program Files\nodejs\;C:\Program Files\Microsoft SQL Server\Client SDK\ODBC\170\Tools\Binn\;C:\Program Files (x86)\dotnet\;C:\xampp\php;C:\ProgramData\ComposerSetup\bin;E:\Matlab\runtime\win64;E:\Matlab\bin;E:\Matlab\polyspace\bin;C:\Users\Federico\AppData\Local\Programs\Python\Python39\Scripts\;C:\Users\Federico\AppData\Local\Programs\Python\Python39\;C:\Users\Federico\AppData\Local\Programs\AdoptOpenJDK\jdk-11.0.10.9-hotspot\bin;C:\Program Files\MySQL\MySQL Shell 8.0\bin\;C:\Users\Federico\AppData\Local\Programs\Microsoft VS Code\bin;C:\Users\Federico\AppData\Local\Programs\MiKTeX\miktex\bin\x64\;C:\Users\Federico\AppData\Roaming\npm;C:\Users\Federico\.dotnet\tools;C:\Users\Federico\AppData\Roaming\Composer\vendor\bin;E:\Desktop;
USERNAME=Federico
OS=Windows_NT
PROCESSOR_IDENTIFIER=Intel64 Family 6 Model 142 Stepping 10, GenuineIntel



---------------  S Y S T E M  ---------------

OS:
 Windows 10 , 64 bit Build 19041 (10.0.19041.928)
OS uptime: 5 days 17:42 hours
HyperV virtualization detected

CPU: total 8 (initial active 8) (4 cores per cpu, 2 threads per core) family 6 model 142 stepping 10 microcode 0xe0, cmov, cx8, fxsr, mmx, sse, sse2, sse3, ssse3, sse4.1, sse4.2, popcnt, vzeroupper, avx, avx2, aes, clmul, erms, 3dnowpref, lzcnt, ht, tsc, tscinvbit, bmi1, bmi2, adx, fma, clflush, clflushopt

Memory: 4k page, system-wide physical 16267M (5291M free)
TotalPageFile size 22411M (AvailPageFile size 0M)
current process WorkingSet (physical memory assigned to process): 60M, peak: 60M
current process commit charge ("private bytes"): 350M, peak: 351M

vm_info: OpenJDK 64-Bit Server VM (15.0.2+7-27) for windows-amd64 JRE (15.0.2+7-27), built on Dec  7 2020 20:02:38 by "mach5one" with unknown MS VC++:1925

END.
